<?xml version="1.0" encoding="UTF-8"?>
<!-- Generated by org.testng.reporters.JUnitReportReporter -->
<testsuite hostname="DESKTOP-RH9AKPJ" failures="0" tests="2" name="BetterQATests.BetterQATests.AppTest" time="15.250" errors="0" timestamp="13 May 2022 13:28:34 GMT">
  <testcase classname="BetterQATests.BetterQATests.AppTest" name="list_Of_Movie_Titles_Is_Displayed_And_Match" time="8.279"/>
  <testcase classname="BetterQATests.BetterQATests.AppTest" name="the_Shawshank_Redemption_Release_Date" time="6.971"/>
</testsuite> <!-- BetterQATests.BetterQATests.AppTest -->
